mode: set
github.com/prometheus/client_golang/prometheus/desc.go:82.86,88.16 2 1
github.com/prometheus/client_golang/prometheus/desc.go:92.2,92.39 1 1
github.com/prometheus/client_golang/prometheus/desc.go:98.2,103.37 5 1
github.com/prometheus/client_golang/prometheus/desc.go:111.2,113.39 2 1
github.com/prometheus/client_golang/prometheus/desc.go:119.2,119.43 1 1
github.com/prometheus/client_golang/prometheus/desc.go:127.2,127.42 1 1
github.com/prometheus/client_golang/prometheus/desc.go:131.2,133.34 3 1
github.com/prometheus/client_golang/prometheus/desc.go:139.2,149.39 8 1
github.com/prometheus/client_golang/prometheus/desc.go:155.2,158.32 3 1
github.com/prometheus/client_golang/prometheus/desc.go:164.2,165.10 2 1
github.com/prometheus/client_golang/prometheus/desc.go:88.16,91.3 2 1
github.com/prometheus/client_golang/prometheus/desc.go:92.39,95.3 2 0
github.com/prometheus/client_golang/prometheus/desc.go:103.37,104.33 1 1
github.com/prometheus/client_golang/prometheus/desc.go:108.3,109.39 2 1
github.com/prometheus/client_golang/prometheus/desc.go:104.33,107.4 2 0
github.com/prometheus/client_golang/prometheus/desc.go:113.39,115.3 1 1
github.com/prometheus/client_golang/prometheus/desc.go:119.43,120.33 1 1
github.com/prometheus/client_golang/prometheus/desc.go:124.3,125.39 2 1
github.com/prometheus/client_golang/prometheus/desc.go:120.33,123.4 2 0
github.com/prometheus/client_golang/prometheus/desc.go:127.42,130.3 2 0
github.com/prometheus/client_golang/prometheus/desc.go:133.34,138.3 4 1
github.com/prometheus/client_golang/prometheus/desc.go:149.39,154.3 4 1
github.com/prometheus/client_golang/prometheus/desc.go:158.32,163.3 1 1
github.com/prometheus/client_golang/prometheus/desc.go:172.38,176.2 1 0
github.com/prometheus/client_golang/prometheus/desc.go:178.32,180.39 2 1
github.com/prometheus/client_golang/prometheus/desc.go:186.2,192.3 1 1
github.com/prometheus/client_golang/prometheus/desc.go:180.39,185.3 1 1
github.com/prometheus/client_golang/prometheus/desc.go:195.36,198.2 1 1
github.com/prometheus/client_golang/prometheus/expvar.go:62.68,66.2 1 1
github.com/prometheus/client_golang/prometheus/expvar.go:69.53,70.33 1 1
github.com/prometheus/client_golang/prometheus/expvar.go:70.33,72.3 1 1
github.com/prometheus/client_golang/prometheus/expvar.go:76.53,77.36 1 1
github.com/prometheus/client_golang/prometheus/expvar.go:77.36,80.20 3 1
github.com/prometheus/client_golang/prometheus/expvar.go:83.3,85.69 3 1
github.com/prometheus/client_golang/prometheus/expvar.go:89.3,90.45 2 1
github.com/prometheus/client_golang/prometheus/expvar.go:117.3,117.21 1 1
github.com/prometheus/client_golang/prometheus/expvar.go:80.20,81.12 1 0
github.com/prometheus/client_golang/prometheus/expvar.go:85.69,87.12 2 0
github.com/prometheus/client_golang/prometheus/expvar.go:90.45,91.24 1 1
github.com/prometheus/client_golang/prometheus/expvar.go:108.4,109.11 2 1
github.com/prometheus/client_golang/prometheus/expvar.go:112.4,112.28 1 1
github.com/prometheus/client_golang/prometheus/expvar.go:91.24,93.26 2 1
github.com/prometheus/client_golang/prometheus/expvar.go:105.5,106.11 2 1
github.com/prometheus/client_golang/prometheus/expvar.go:94.5,95.68 1 1
github.com/prometheus/client_golang/prometheus/expvar.go:96.5,97.11 1 1
github.com/prometheus/client_golang/prometheus/expvar.go:102.5,103.12 1 1
github.com/prometheus/client_golang/prometheus/expvar.go:97.11,99.7 1 1
github.com/prometheus/client_golang/prometheus/expvar.go:99.7,101.7 1 1
github.com/prometheus/client_golang/prometheus/expvar.go:109.11,111.5 1 0
github.com/prometheus/client_golang/prometheus/expvar.go:112.28,115.5 2 1
github.com/prometheus/client_golang/prometheus/push.go:32.44,34.2 1 0
github.com/prometheus/client_golang/prometheus/push.go:39.47,41.2 1 0
github.com/prometheus/client_golang/prometheus/push.go:46.79,48.2 1 0
github.com/prometheus/client_golang/prometheus/push.go:53.82,55.2 1 0
github.com/prometheus/client_golang/prometheus/push.go:57.87,59.39 2 0
github.com/prometheus/client_golang/prometheus/push.go:64.2,64.43 1 0
github.com/prometheus/client_golang/prometheus/push.go:59.39,60.50 1 0
github.com/prometheus/client_golang/prometheus/push.go:60.50,62.4 1 0
github.com/prometheus/client_golang/prometheus/untyped.go:47.43,54.2 1 1
github.com/prometheus/client_golang/prometheus/untyped.go:67.71,79.42 2 1
github.com/prometheus/client_golang/prometheus/untyped.go:79.42,81.5 1 1
github.com/prometheus/client_golang/prometheus/untyped.go:89.79,91.19 2 0
github.com/prometheus/client_golang/prometheus/untyped.go:94.2,94.17 1 0
github.com/prometheus/client_golang/prometheus/untyped.go:91.19,93.3 1 0
github.com/prometheus/client_golang/prometheus/untyped.go:100.68,102.19 2 0
github.com/prometheus/client_golang/prometheus/untyped.go:105.2,105.17 1 0
github.com/prometheus/client_golang/prometheus/untyped.go:102.19,104.3 1 0
github.com/prometheus/client_golang/prometheus/untyped.go:112.61,114.2 1 1
github.com/prometheus/client_golang/prometheus/untyped.go:119.50,121.2 1 0
github.com/prometheus/client_golang/prometheus/untyped.go:138.76,145.2 1 1
github.com/prometheus/client_golang/prometheus/vec.go:44.47,46.2 1 1
github.com/prometheus/client_golang/prometheus/vec.go:49.47,53.36 3 1
github.com/prometheus/client_golang/prometheus/vec.go:53.36,55.3 1 1
github.com/prometheus/client_golang/prometheus/vec.go:77.77,82.16 4 1
github.com/prometheus/client_golang/prometheus/vec.go:85.2,85.44 1 1
github.com/prometheus/client_golang/prometheus/vec.go:82.16,84.3 1 1
github.com/prometheus/client_golang/prometheus/vec.go:99.66,104.16 4 1
github.com/prometheus/client_golang/prometheus/vec.go:107.2,108.46 2 1
github.com/prometheus/client_golang/prometheus/vec.go:111.2,111.44 1 1
github.com/prometheus/client_golang/prometheus/vec.go:104.16,106.3 1 0
github.com/prometheus/client_golang/prometheus/vec.go:108.46,110.3 1 1
github.com/prometheus/client_golang/prometheus/vec.go:117.59,119.16 2 1
github.com/prometheus/client_golang/prometheus/vec.go:122.2,122.15 1 1
github.com/prometheus/client_golang/prometheus/vec.go:119.16,121.3 1 0
github.com/prometheus/client_golang/prometheus/vec.go:128.48,130.16 2 1
github.com/prometheus/client_golang/prometheus/vec.go:133.2,133.15 1 1
github.com/prometheus/client_golang/prometheus/vec.go:130.16,132.3 1 0
github.com/prometheus/client_golang/prometheus/vec.go:151.59,156.16 4 1
github.com/prometheus/client_golang/prometheus/vec.go:159.2,159.35 1 1
github.com/prometheus/client_golang/prometheus/vec.go:162.2,163.13 2 1
github.com/prometheus/client_golang/prometheus/vec.go:156.16,158.3 1 1
github.com/prometheus/client_golang/prometheus/vec.go:159.35,161.3 1 1
github.com/prometheus/client_golang/prometheus/vec.go:176.48,181.16 4 1
github.com/prometheus/client_golang/prometheus/vec.go:184.2,184.35 1 1
github.com/prometheus/client_golang/prometheus/vec.go:187.2,188.13 2 1
github.com/prometheus/client_golang/prometheus/vec.go:181.16,183.3 1 1
github.com/prometheus/client_golang/prometheus/vec.go:184.35,186.3 1 1
github.com/prometheus/client_golang/prometheus/vec.go:192.29,196.28 3 1
github.com/prometheus/client_golang/prometheus/vec.go:196.28,198.3 1 0
github.com/prometheus/client_golang/prometheus/vec.go:201.68,202.45 1 1
github.com/prometheus/client_golang/prometheus/vec.go:205.2,206.27 2 1
github.com/prometheus/client_golang/prometheus/vec.go:211.2,211.28 1 1
github.com/prometheus/client_golang/prometheus/vec.go:202.45,204.3 1 1
github.com/prometheus/client_golang/prometheus/vec.go:206.27,210.3 3 1
github.com/prometheus/client_golang/prometheus/vec.go:214.63,215.47 1 1
github.com/prometheus/client_golang/prometheus/vec.go:218.2,219.46 2 1
github.com/prometheus/client_golang/prometheus/vec.go:228.2,228.28 1 1
github.com/prometheus/client_golang/prometheus/vec.go:215.47,217.3 1 1
github.com/prometheus/client_golang/prometheus/vec.go:219.46,221.10 2 1
github.com/prometheus/client_golang/prometheus/vec.go:224.3,226.30 3 1
github.com/prometheus/client_golang/prometheus/vec.go:221.10,223.4 1 0
github.com/prometheus/client_golang/prometheus/vec.go:231.82,233.9 2 1
github.com/prometheus/client_golang/prometheus/vec.go:240.2,240.15 1 1
github.com/prometheus/client_golang/prometheus/vec.go:233.9,239.3 3 1
github.com/prometheus/client_golang/prometheus/gauge.go:48.37,55.2 1 1
github.com/prometheus/client_golang/prometheus/gauge.go:69.65,81.42 2 1
github.com/prometheus/client_golang/prometheus/gauge.go:81.42,83.5 1 1
github.com/prometheus/client_golang/prometheus/gauge.go:91.75,93.19 2 0
github.com/prometheus/client_golang/prometheus/gauge.go:96.2,96.17 1 0
github.com/prometheus/client_golang/prometheus/gauge.go:93.19,95.3 1 0
github.com/prometheus/client_golang/prometheus/gauge.go:102.64,104.19 2 0
github.com/prometheus/client_golang/prometheus/gauge.go:107.2,107.17 1 0
github.com/prometheus/client_golang/prometheus/gauge.go:104.19,106.3 1 0
github.com/prometheus/client_golang/prometheus/gauge.go:114.57,116.2 1 1
github.com/prometheus/client_golang/prometheus/gauge.go:121.46,123.2 1 0
github.com/prometheus/client_golang/prometheus/gauge.go:140.70,147.2 1 1
github.com/prometheus/client_golang/prometheus/histogram.go:70.63,71.15 1 1
github.com/prometheus/client_golang/prometheus/histogram.go:74.2,75.25 2 1
github.com/prometheus/client_golang/prometheus/histogram.go:79.2,79.16 1 1
github.com/prometheus/client_golang/prometheus/histogram.go:71.15,73.3 1 0
github.com/prometheus/client_golang/prometheus/histogram.go:75.25,78.3 2 1
github.com/prometheus/client_golang/prometheus/histogram.go:90.69,91.15 1 1
github.com/prometheus/client_golang/prometheus/histogram.go:94.2,94.16 1 1
github.com/prometheus/client_golang/prometheus/histogram.go:97.2,97.17 1 1
github.com/prometheus/client_golang/prometheus/histogram.go:100.2,101.25 2 1
github.com/prometheus/client_golang/prometheus/histogram.go:105.2,105.16 1 1
github.com/prometheus/client_golang/prometheus/histogram.go:91.15,93.3 1 0
github.com/prometheus/client_golang/prometheus/histogram.go:94.16,96.3 1 0
github.com/prometheus/client_golang/prometheus/histogram.go:97.17,99.3 1 0
github.com/prometheus/client_golang/prometheus/histogram.go:101.25,104.3 2 1
github.com/prometheus/client_golang/prometheus/histogram.go:156.49,166.2 1 1
github.com/prometheus/client_golang/prometheus/histogram.go:168.84,169.50 1 1
github.com/prometheus/client_golang/prometheus/histogram.go:173.2,173.40 1 1
github.com/prometheus/client_golang/prometheus/histogram.go:178.2,178.42 1 1
github.com/prometheus/client_golang/prometheus/histogram.go:184.2,184.28 1 1
github.com/prometheus/client_golang/prometheus/histogram.go:188.2,193.43 2 1
github.com/prometheus/client_golang/prometheus/histogram.go:209.2,212.10 3 1
github.com/prometheus/client_golang/prometheus/histogram.go:169.50,171.3 1 0
github.com/prometheus/client_golang/prometheus/histogram.go:173.40,174.29 1 1
github.com/prometheus/client_golang/prometheus/histogram.go:174.29,176.4 1 0
github.com/prometheus/client_golang/prometheus/histogram.go:178.42,179.40 1 0
github.com/prometheus/client_golang/prometheus/histogram.go:179.40,181.4 1 0
github.com/prometheus/client_golang/prometheus/histogram.go:184.28,186.3 1 0
github.com/prometheus/client_golang/prometheus/histogram.go:193.43,194.31 1 1
github.com/prometheus/client_golang/prometheus/histogram.go:194.31,195.40 1 1
github.com/prometheus/client_golang/prometheus/histogram.go:195.40,200.5 1 0
github.com/prometheus/client_golang/prometheus/histogram.go:201.4,202.34 1 1
github.com/prometheus/client_golang/prometheus/histogram.go:202.34,205.5 1 1
github.com/prometheus/client_golang/prometheus/histogram.go:234.34,236.2 1 0
github.com/prometheus/client_golang/prometheus/histogram.go:238.40,249.23 2 1
github.com/prometheus/client_golang/prometheus/histogram.go:252.2,253.6 2 1
github.com/prometheus/client_golang/prometheus/histogram.go:249.23,251.3 1 1
github.com/prometheus/client_golang/prometheus/histogram.go:253.6,256.64 3 1
github.com/prometheus/client_golang/prometheus/histogram.go:256.64,257.9 1 1
github.com/prometheus/client_golang/prometheus/histogram.go:262.50,269.43 6 1
github.com/prometheus/client_golang/prometheus/histogram.go:276.2,279.12 4 1
github.com/prometheus/client_golang/prometheus/histogram.go:269.43,275.3 2 1
github.com/prometheus/client_golang/prometheus/histogram.go:294.77,306.42 2 1
github.com/prometheus/client_golang/prometheus/histogram.go:306.42,308.5 1 1
github.com/prometheus/client_golang/prometheus/histogram.go:316.83,318.19 2 0
github.com/prometheus/client_golang/prometheus/histogram.go:321.2,321.17 1 0
github.com/prometheus/client_golang/prometheus/histogram.go:318.19,320.3 1 0
github.com/prometheus/client_golang/prometheus/histogram.go:327.72,329.19 2 0
github.com/prometheus/client_golang/prometheus/histogram.go:332.2,332.17 1 0
github.com/prometheus/client_golang/prometheus/histogram.go:329.19,331.3 1 0
github.com/prometheus/client_golang/prometheus/histogram.go:339.65,341.2 1 1
github.com/prometheus/client_golang/prometheus/histogram.go:346.54,348.2 1 0
github.com/prometheus/client_golang/prometheus/histogram.go:358.39,360.2 1 0
github.com/prometheus/client_golang/prometheus/histogram.go:362.55,369.43 5 1
github.com/prometheus/client_golang/prometheus/histogram.go:376.2,376.22 1 1
github.com/prometheus/client_golang/prometheus/histogram.go:379.2,384.12 4 1
github.com/prometheus/client_golang/prometheus/histogram.go:369.43,374.3 1 1
github.com/prometheus/client_golang/prometheus/histogram.go:376.22,378.3 1 1
github.com/prometheus/client_golang/prometheus/histogram.go:406.19,407.50 1 1
github.com/prometheus/client_golang/prometheus/histogram.go:410.2,416.8 1 1
github.com/prometheus/client_golang/prometheus/histogram.go:407.50,409.3 1 0
github.com/prometheus/client_golang/prometheus/histogram.go:427.10,429.16 2 1
github.com/prometheus/client_golang/prometheus/histogram.go:432.2,432.10 1 1
github.com/prometheus/client_golang/prometheus/histogram.go:429.16,431.3 1 0
github.com/prometheus/client_golang/prometheus/histogram.go:437.29,439.2 1 1
github.com/prometheus/client_golang/prometheus/histogram.go:441.34,443.2 1 0
github.com/prometheus/client_golang/prometheus/histogram.go:445.39,447.2 1 1
github.com/prometheus/client_golang/prometheus/process_collector.go:31.71,33.23 1 1
github.com/prometheus/client_golang/prometheus/process_collector.go:33.23,33.42 1 1
github.com/prometheus/client_golang/prometheus/process_collector.go:46.21,49.34 1 1
github.com/prometheus/client_golang/prometheus/process_collector.go:84.2,84.44 1 1
github.com/prometheus/client_golang/prometheus/process_collector.go:88.2,88.11 1 1
github.com/prometheus/client_golang/prometheus/process_collector.go:49.34,49.36 0 0
github.com/prometheus/client_golang/prometheus/process_collector.go:84.44,86.3 1 1
github.com/prometheus/client_golang/prometheus/process_collector.go:92.54,99.2 6 1
github.com/prometheus/client_golang/prometheus/process_collector.go:102.54,104.2 1 1
github.com/prometheus/client_golang/prometheus/process_collector.go:108.61,110.16 2 1
github.com/prometheus/client_golang/prometheus/process_collector.go:114.2,115.16 2 1
github.com/prometheus/client_golang/prometheus/process_collector.go:119.2,119.42 1 1
github.com/prometheus/client_golang/prometheus/process_collector.go:133.2,133.52 1 1
github.com/prometheus/client_golang/prometheus/process_collector.go:138.2,138.46 1 1
github.com/prometheus/client_golang/prometheus/process_collector.go:110.16,112.3 1 0
github.com/prometheus/client_golang/prometheus/process_collector.go:115.16,117.3 1 0
github.com/prometheus/client_golang/prometheus/process_collector.go:119.42,127.53 7 1
github.com/prometheus/client_golang/prometheus/process_collector.go:127.53,130.4 2 1
github.com/prometheus/client_golang/prometheus/process_collector.go:133.52,136.3 2 1
github.com/prometheus/client_golang/prometheus/process_collector.go:138.46,141.3 2 1
github.com/prometheus/client_golang/prometheus/value.go:61.91,62.50 1 1
github.com/prometheus/client_golang/prometheus/value.go:65.2,72.15 3 1
github.com/prometheus/client_golang/prometheus/value.go:62.50,64.3 1 0
github.com/prometheus/client_golang/prometheus/value.go:75.30,77.2 1 1
github.com/prometheus/client_golang/prometheus/value.go:79.34,81.2 1 1
github.com/prometheus/client_golang/prometheus/value.go:83.23,85.2 1 1
github.com/prometheus/client_golang/prometheus/value.go:87.23,89.2 1 0
github.com/prometheus/client_golang/prometheus/value.go:91.34,92.6 1 1
github.com/prometheus/client_golang/prometheus/value.go:92.6,95.64 3 1
github.com/prometheus/client_golang/prometheus/value.go:95.64,97.4 1 1
github.com/prometheus/client_golang/prometheus/value.go:101.34,103.2 1 0
github.com/prometheus/client_golang/prometheus/value.go:105.46,108.2 2 1
github.com/prometheus/client_golang/prometheus/value.go:130.88,139.2 3 1
github.com/prometheus/client_golang/prometheus/value.go:141.34,143.2 1 1
github.com/prometheus/client_golang/prometheus/value.go:145.50,147.2 1 1
github.com/prometheus/client_golang/prometheus/value.go:155.108,156.50 1 1
github.com/prometheus/client_golang/prometheus/value.go:159.2,164.8 1 1
github.com/prometheus/client_golang/prometheus/value.go:156.50,158.3 1 0
github.com/prometheus/client_golang/prometheus/value.go:169.103,171.16 2 1
github.com/prometheus/client_golang/prometheus/value.go:174.2,174.10 1 1
github.com/prometheus/client_golang/prometheus/value.go:171.16,173.3 1 0
github.com/prometheus/client_golang/prometheus/value.go:184.36,186.2 1 1
github.com/prometheus/client_golang/prometheus/value.go:188.52,190.2 1 1
github.com/prometheus/client_golang/prometheus/value.go:197.9,199.11 2 1
github.com/prometheus/client_golang/prometheus/value.go:209.2,209.12 1 1
github.com/prometheus/client_golang/prometheus/value.go:200.2,201.52 1 1
github.com/prometheus/client_golang/prometheus/value.go:202.2,203.48 1 1
github.com/prometheus/client_golang/prometheus/value.go:204.2,205.52 1 1
github.com/prometheus/client_golang/prometheus/value.go:206.2,207.54 1 0
github.com/prometheus/client_golang/prometheus/value.go:212.72,214.19 2 1
github.com/prometheus/client_golang/prometheus/value.go:218.2,218.35 1 1
github.com/prometheus/client_golang/prometheus/value.go:222.2,223.40 2 1
github.com/prometheus/client_golang/prometheus/value.go:229.2,229.42 1 1
github.com/prometheus/client_golang/prometheus/value.go:232.2,233.19 2 1
github.com/prometheus/client_golang/prometheus/value.go:214.19,217.3 1 1
github.com/prometheus/client_golang/prometheus/value.go:218.35,221.3 1 1
github.com/prometheus/client_golang/prometheus/value.go:223.40,228.3 1 1
github.com/prometheus/client_golang/prometheus/value.go:229.42,231.3 1 1
github.com/prometheus/client_golang/prometheus/counter.go:51.43,61.2 4 1
github.com/prometheus/client_golang/prometheus/counter.go:67.34,68.11 1 1
github.com/prometheus/client_golang/prometheus/counter.go:71.2,71.16 1 1
github.com/prometheus/client_golang/prometheus/counter.go:68.11,70.3 1 1
github.com/prometheus/client_golang/prometheus/counter.go:89.71,101.42 2 1
github.com/prometheus/client_golang/prometheus/counter.go:101.42,109.5 3 1
github.com/prometheus/client_golang/prometheus/counter.go:117.79,119.19 2 1
github.com/prometheus/client_golang/prometheus/counter.go:122.2,122.17 1 1
github.com/prometheus/client_golang/prometheus/counter.go:119.19,121.3 1 1
github.com/prometheus/client_golang/prometheus/counter.go:128.68,130.19 2 0
github.com/prometheus/client_golang/prometheus/counter.go:133.2,133.17 1 0
github.com/prometheus/client_golang/prometheus/counter.go:130.19,132.3 1 0
github.com/prometheus/client_golang/prometheus/counter.go:140.61,142.2 1 1
github.com/prometheus/client_golang/prometheus/counter.go:147.50,149.2 1 0
github.com/prometheus/client_golang/prometheus/counter.go:168.76,175.2 1 0
github.com/prometheus/client_golang/prometheus/go_collector.go:16.36,27.2 1 1
github.com/prometheus/client_golang/prometheus/go_collector.go:30.49,33.2 2 1
github.com/prometheus/client_golang/prometheus/go_collector.go:36.49,45.48 7 1
github.com/prometheus/client_golang/prometheus/go_collector.go:48.2,49.106 2 1
github.com/prometheus/client_golang/prometheus/go_collector.go:45.48,47.3 1 1
github.com/prometheus/client_golang/prometheus/metric.go:104.60,105.16 1 1
github.com/prometheus/client_golang/prometheus/metric.go:108.2,108.9 1 1
github.com/prometheus/client_golang/prometheus/metric.go:116.2,116.13 1 1
github.com/prometheus/client_golang/prometheus/metric.go:105.16,107.3 1 1
github.com/prometheus/client_golang/prometheus/metric.go:109.2,110.65 1 1
github.com/prometheus/client_golang/prometheus/metric.go:111.2,112.54 1 1
github.com/prometheus/client_golang/prometheus/metric.go:113.2,114.54 1 1
github.com/prometheus/client_golang/prometheus/metric.go:124.36,126.2 1 1
github.com/prometheus/client_golang/prometheus/metric.go:128.41,130.2 1 1
github.com/prometheus/client_golang/prometheus/metric.go:132.46,134.2 1 1
github.com/prometheus/client_golang/prometheus/metric.go:138.31,140.2 1 0
github.com/prometheus/client_golang/prometheus/metric.go:142.36,144.2 1 0
github.com/prometheus/client_golang/prometheus/metric.go:146.41,148.2 1 0
github.com/prometheus/client_golang/prometheus/metric.go:158.53,160.2 1 0
github.com/prometheus/client_golang/prometheus/metric.go:162.38,162.55 1 0
github.com/prometheus/client_golang/prometheus/metric.go:164.50,164.66 1 0
github.com/prometheus/client_golang/prometheus/collector.go:63.43,65.2 1 1
github.com/prometheus/client_golang/prometheus/collector.go:68.51,70.2 1 1
github.com/prometheus/client_golang/prometheus/collector.go:73.51,75.2 1 0
github.com/prometheus/client_golang/prometheus/http.go:34.34,36.2 1 0
github.com/prometheus/client_golang/prometheus/http.go:38.42,40.2 1 0
github.com/prometheus/client_golang/prometheus/http.go:42.38,43.34 1 1
github.com/prometheus/client_golang/prometheus/http.go:43.34,44.16 1 0
github.com/prometheus/client_golang/prometheus/http.go:48.3,48.14 1 0
github.com/prometheus/client_golang/prometheus/http.go:44.16,46.4 1 0
github.com/prometheus/client_golang/prometheus/http.go:60.83,62.2 1 1
github.com/prometheus/client_golang/prometheus/http.go:66.119,74.2 1 1
github.com/prometheus/client_golang/prometheus/http.go:101.89,103.2 1 0
github.com/prometheus/client_golang/prometheus/http.go:108.125,137.71 15 1
github.com/prometheus/client_golang/prometheus/http.go:137.71,143.19 5 1
github.com/prometheus/client_golang/prometheus/http.go:146.3,153.27 7 1
github.com/prometheus/client_golang/prometheus/http.go:158.3,167.35 8 1
github.com/prometheus/client_golang/prometheus/http.go:143.19,145.4 1 1
github.com/prometheus/client_golang/prometheus/http.go:153.27,155.4 1 1
github.com/prometheus/client_golang/prometheus/http.go:155.4,157.4 1 1
github.com/prometheus/client_golang/prometheus/http.go:171.74,174.37 3 1
github.com/prometheus/client_golang/prometheus/http.go:180.2,184.27 2 1
github.com/prometheus/client_golang/prometheus/http.go:187.2,187.10 1 1
github.com/prometheus/client_golang/prometheus/http.go:174.37,176.32 2 1
github.com/prometheus/client_golang/prometheus/http.go:176.32,178.4 1 1
github.com/prometheus/client_golang/prometheus/http.go:184.27,186.3 1 1
github.com/prometheus/client_golang/prometheus/http.go:199.57,203.2 3 1
github.com/prometheus/client_golang/prometheus/http.go:205.64,206.20 1 1
github.com/prometheus/client_golang/prometheus/http.go:209.2,211.15 3 1
github.com/prometheus/client_golang/prometheus/http.go:206.20,208.3 1 1
github.com/prometheus/client_golang/prometheus/http.go:218.66,220.2 1 0
github.com/prometheus/client_golang/prometheus/http.go:222.48,224.2 1 0
github.com/prometheus/client_golang/prometheus/http.go:226.86,228.2 1 0
github.com/prometheus/client_golang/prometheus/http.go:230.77,231.20 1 0
github.com/prometheus/client_golang/prometheus/http.go:234.2,236.15 3 0
github.com/prometheus/client_golang/prometheus/http.go:231.20,233.3 1 0
github.com/prometheus/client_golang/prometheus/http.go:239.38,240.11 1 1
github.com/prometheus/client_golang/prometheus/http.go:241.2,242.15 1 1
github.com/prometheus/client_golang/prometheus/http.go:243.2,244.15 1 0
github.com/prometheus/client_golang/prometheus/http.go:245.2,246.16 1 0
github.com/prometheus/client_golang/prometheus/http.go:247.2,248.16 1 0
github.com/prometheus/client_golang/prometheus/http.go:249.2,250.18 1 0
github.com/prometheus/client_golang/prometheus/http.go:251.2,252.19 1 0
github.com/prometheus/client_golang/prometheus/http.go:253.2,254.19 1 0
github.com/prometheus/client_golang/prometheus/http.go:255.2,256.18 1 0
github.com/prometheus/client_golang/prometheus/http.go:257.2,258.28 1 0
github.com/prometheus/client_golang/prometheus/http.go:262.33,263.11 1 1
github.com/prometheus/client_golang/prometheus/http.go:264.2,265.15 1 0
github.com/prometheus/client_golang/prometheus/http.go:266.2,267.15 1 0
github.com/prometheus/client_golang/prometheus/http.go:269.2,270.15 1 1
github.com/prometheus/client_golang/prometheus/http.go:271.2,272.15 1 0
github.com/prometheus/client_golang/prometheus/http.go:273.2,274.15 1 0
github.com/prometheus/client_golang/prometheus/http.go:275.2,276.15 1 0
github.com/prometheus/client_golang/prometheus/http.go:277.2,278.15 1 0
github.com/prometheus/client_golang/prometheus/http.go:279.2,280.15 1 0
github.com/prometheus/client_golang/prometheus/http.go:281.2,282.15 1 0
github.com/prometheus/client_golang/prometheus/http.go:284.2,285.15 1 0
github.com/prometheus/client_golang/prometheus/http.go:286.2,287.15 1 0
github.com/prometheus/client_golang/prometheus/http.go:288.2,289.15 1 0
github.com/prometheus/client_golang/prometheus/http.go:290.2,291.15 1 0
github.com/prometheus/client_golang/prometheus/http.go:292.2,293.15 1 0
github.com/prometheus/client_golang/prometheus/http.go:294.2,295.15 1 0
github.com/prometheus/client_golang/prometheus/http.go:297.2,298.15 1 0
github.com/prometheus/client_golang/prometheus/http.go:299.2,300.15 1 0
github.com/prometheus/client_golang/prometheus/http.go:301.2,302.15 1 0
github.com/prometheus/client_golang/prometheus/http.go:303.2,304.15 1 0
github.com/prometheus/client_golang/prometheus/http.go:305.2,306.15 1 0
github.com/prometheus/client_golang/prometheus/http.go:307.2,308.15 1 0
github.com/prometheus/client_golang/prometheus/http.go:309.2,310.15 1 0
github.com/prometheus/client_golang/prometheus/http.go:311.2,312.15 1 0
github.com/prometheus/client_golang/prometheus/http.go:313.2,314.15 1 0
github.com/prometheus/client_golang/prometheus/http.go:315.2,316.15 1 0
github.com/prometheus/client_golang/prometheus/http.go:317.2,318.15 1 0
github.com/prometheus/client_golang/prometheus/http.go:319.2,320.15 1 0
github.com/prometheus/client_golang/prometheus/http.go:321.2,322.15 1 0
github.com/prometheus/client_golang/prometheus/http.go:323.2,324.15 1 0
github.com/prometheus/client_golang/prometheus/http.go:325.2,326.15 1 0
github.com/prometheus/client_golang/prometheus/http.go:327.2,328.15 1 0
github.com/prometheus/client_golang/prometheus/http.go:329.2,330.15 1 0
github.com/prometheus/client_golang/prometheus/http.go:331.2,332.15 1 0
github.com/prometheus/client_golang/prometheus/http.go:333.2,334.15 1 1
github.com/prometheus/client_golang/prometheus/http.go:336.2,337.15 1 0
github.com/prometheus/client_golang/prometheus/http.go:338.2,339.15 1 0
github.com/prometheus/client_golang/prometheus/http.go:340.2,341.15 1 0
github.com/prometheus/client_golang/prometheus/http.go:342.2,343.15 1 0
github.com/prometheus/client_golang/prometheus/http.go:344.2,345.15 1 0
github.com/prometheus/client_golang/prometheus/http.go:346.2,347.15 1 0
github.com/prometheus/client_golang/prometheus/http.go:349.2,350.15 1 0
github.com/prometheus/client_golang/prometheus/http.go:351.2,352.15 1 0
github.com/prometheus/client_golang/prometheus/http.go:353.2,354.15 1 0
github.com/prometheus/client_golang/prometheus/http.go:355.2,356.15 1 0
github.com/prometheus/client_golang/prometheus/http.go:358.2,359.25 1 0
github.com/prometheus/client_golang/prometheus/registry.go:91.29,93.2 1 1
github.com/prometheus/client_golang/prometheus/registry.go:100.43,102.2 1 0
github.com/prometheus/client_golang/prometheus/registry.go:113.34,116.2 2 1
github.com/prometheus/client_golang/prometheus/registry.go:120.32,122.16 2 1
github.com/prometheus/client_golang/prometheus/registry.go:122.16,124.3 1 0
github.com/prometheus/client_golang/prometheus/registry.go:136.52,138.2 1 1
github.com/prometheus/client_golang/prometheus/registry.go:142.47,144.16 2 1
github.com/prometheus/client_golang/prometheus/registry.go:147.2,147.17 1 1
github.com/prometheus/client_golang/prometheus/registry.go:144.16,146.3 1 0
github.com/prometheus/client_golang/prometheus/registry.go:154.35,156.2 1 1
github.com/prometheus/client_golang/prometheus/registry.go:179.68,181.2 1 0
github.com/prometheus/client_golang/prometheus/registry.go:186.34,188.2 1 0
github.com/prometheus/client_golang/prometheus/registry.go:196.34,198.2 1 0
github.com/prometheus/client_golang/prometheus/registry.go:219.61,221.12 2 1
github.com/prometheus/client_golang/prometheus/registry.go:226.2,234.29 7 1
github.com/prometheus/client_golang/prometheus/registry.go:273.2,273.26 1 1
github.com/prometheus/client_golang/prometheus/registry.go:276.2,276.63 1 1
github.com/prometheus/client_golang/prometheus/registry.go:281.2,281.29 1 1
github.com/prometheus/client_golang/prometheus/registry.go:286.2,287.31 2 1
github.com/prometheus/client_golang/prometheus/registry.go:290.2,290.48 1 1
github.com/prometheus/client_golang/prometheus/registry.go:293.2,293.15 1 1
github.com/prometheus/client_golang/prometheus/registry.go:221.12,224.3 2 1
github.com/prometheus/client_golang/prometheus/registry.go:234.29,237.22 1 1
github.com/prometheus/client_golang/prometheus/registry.go:243.3,243.46 1 1
github.com/prometheus/client_golang/prometheus/registry.go:249.3,249.48 1 1
github.com/prometheus/client_golang/prometheus/registry.go:257.3,257.64 1 1
github.com/prometheus/client_golang/prometheus/registry.go:237.22,239.4 1 1
github.com/prometheus/client_golang/prometheus/registry.go:243.46,245.4 1 1
github.com/prometheus/client_golang/prometheus/registry.go:249.48,252.4 2 1
github.com/prometheus/client_golang/prometheus/registry.go:257.64,258.31 1 1
github.com/prometheus/client_golang/prometheus/registry.go:258.31,260.5 1 1
github.com/prometheus/client_golang/prometheus/registry.go:261.4,263.66 1 1
github.com/prometheus/client_golang/prometheus/registry.go:263.66,264.32 1 0
github.com/prometheus/client_golang/prometheus/registry.go:264.32,266.6 1 0
github.com/prometheus/client_golang/prometheus/registry.go:267.5,269.5 1 1
github.com/prometheus/client_golang/prometheus/registry.go:273.26,275.3 1 0
github.com/prometheus/client_golang/prometheus/registry.go:276.63,278.3 1 1
github.com/prometheus/client_golang/prometheus/registry.go:281.29,283.3 1 0
github.com/prometheus/client_golang/prometheus/registry.go:287.31,289.3 1 1
github.com/prometheus/client_golang/prometheus/registry.go:290.48,292.3 1 1
github.com/prometheus/client_golang/prometheus/registry.go:296.66,298.40 2 1
github.com/prometheus/client_golang/prometheus/registry.go:301.2,301.22 1 1
github.com/prometheus/client_golang/prometheus/registry.go:298.40,300.3 1 0
github.com/prometheus/client_golang/prometheus/registry.go:304.49,306.12 2 1
github.com/prometheus/client_golang/prometheus/registry.go:311.2,313.29 3 1
github.com/prometheus/client_golang/prometheus/registry.go:320.2,321.57 2 1
github.com/prometheus/client_golang/prometheus/registry.go:325.2,331.26 5 1
github.com/prometheus/client_golang/prometheus/registry.go:336.2,336.13 1 1
github.com/prometheus/client_golang/prometheus/registry.go:306.12,309.3 2 1
github.com/prometheus/client_golang/prometheus/registry.go:313.29,314.45 1 1
github.com/prometheus/client_golang/prometheus/registry.go:314.45,317.4 2 1
github.com/prometheus/client_golang/prometheus/registry.go:321.57,324.3 2 0
github.com/prometheus/client_golang/prometheus/registry.go:331.26,333.3 1 1
github.com/prometheus/client_golang/prometheus/registry.go:339.70,340.39 1 0
github.com/prometheus/client_golang/prometheus/registry.go:343.2,344.20 2 0
github.com/prometheus/client_golang/prometheus/registry.go:347.2,349.68 3 0
github.com/prometheus/client_golang/prometheus/registry.go:355.2,356.16 2 0
github.com/prometheus/client_golang/prometheus/registry.go:359.2,361.16 3 0
github.com/prometheus/client_golang/prometheus/registry.go:364.2,365.28 2 0
github.com/prometheus/client_golang/prometheus/registry.go:368.2,368.12 1 0
github.com/prometheus/client_golang/prometheus/registry.go:340.39,342.3 1 0
github.com/prometheus/client_golang/prometheus/registry.go:344.20,346.3 1 0
github.com/prometheus/client_golang/prometheus/registry.go:349.68,350.28 1 0
github.com/prometheus/client_golang/prometheus/registry.go:353.3,353.13 1 0
github.com/prometheus/client_golang/prometheus/registry.go:350.28,352.4 1 0
github.com/prometheus/client_golang/prometheus/registry.go:356.16,358.3 1 0
github.com/prometheus/client_golang/prometheus/registry.go:361.16,363.3 1 0
github.com/prometheus/client_golang/prometheus/registry.go:365.28,367.3 1 0
github.com/prometheus/client_golang/prometheus/registry.go:371.72,376.50 5 1
github.com/prometheus/client_golang/prometheus/registry.go:383.2,383.42 1 1
github.com/prometheus/client_golang/prometheus/registry.go:386.2,389.20 4 1
github.com/prometheus/client_golang/prometheus/registry.go:392.2,392.22 1 1
github.com/prometheus/client_golang/prometheus/registry.go:376.50,377.28 1 0
github.com/prometheus/client_golang/prometheus/registry.go:380.3,381.9 2 0
github.com/prometheus/client_golang/prometheus/registry.go:377.28,379.4 1 0
github.com/prometheus/client_golang/prometheus/registry.go:383.42,385.3 1 1
github.com/prometheus/client_golang/prometheus/registry.go:389.20,391.3 1 1
github.com/prometheus/client_golang/prometheus/registry.go:395.76,397.28 2 1
github.com/prometheus/client_golang/prometheus/registry.go:400.2,409.12 6 1
github.com/prometheus/client_golang/prometheus/registry.go:413.2,413.45 1 1
github.com/prometheus/client_golang/prometheus/registry.go:419.2,422.15 2 1
github.com/prometheus/client_golang/prometheus/registry.go:428.2,428.33 1 1
github.com/prometheus/client_golang/prometheus/registry.go:473.2,473.40 1 1
github.com/prometheus/client_golang/prometheus/registry.go:500.2,500.42 1 1
github.com/prometheus/client_golang/prometheus/registry.go:505.2,506.41 2 1
github.com/prometheus/client_golang/prometheus/registry.go:509.2,512.29 3 1
github.com/prometheus/client_golang/prometheus/registry.go:519.2,519.21 1 1
github.com/prometheus/client_golang/prometheus/registry.go:397.28,399.3 1 1
github.com/prometheus/client_golang/prometheus/registry.go:409.12,412.3 2 1
github.com/prometheus/client_golang/prometheus/registry.go:413.45,414.32 1 1
github.com/prometheus/client_golang/prometheus/registry.go:414.32,417.4 2 1
github.com/prometheus/client_golang/prometheus/registry.go:422.15,423.28 1 1
github.com/prometheus/client_golang/prometheus/registry.go:423.28,424.4 0 0
github.com/prometheus/client_golang/prometheus/registry.go:428.33,434.10 3 1
github.com/prometheus/client_golang/prometheus/registry.go:441.3,443.49 3 1
github.com/prometheus/client_golang/prometheus/registry.go:449.3,449.10 1 1
github.com/prometheus/client_golang/prometheus/registry.go:465.3,465.29 1 1
github.com/prometheus/client_golang/prometheus/registry.go:470.3,470.63 1 1
github.com/prometheus/client_golang/prometheus/registry.go:434.10,440.4 5 1
github.com/prometheus/client_golang/prometheus/registry.go:443.49,448.4 1 0
github.com/prometheus/client_golang/prometheus/registry.go:450.3,450.33 0 1
github.com/prometheus/client_golang/prometheus/registry.go:452.3,453.51 1 1
github.com/prometheus/client_golang/prometheus/registry.go:454.3,455.53 1 1
github.com/prometheus/client_golang/prometheus/registry.go:456.3,457.53 1 0
github.com/prometheus/client_golang/prometheus/registry.go:458.3,459.53 1 0
github.com/prometheus/client_golang/prometheus/registry.go:460.3,461.55 1 0
github.com/prometheus/client_golang/prometheus/registry.go:462.3,463.65 1 0
github.com/prometheus/client_golang/prometheus/registry.go:465.29,466.90 1 1
github.com/prometheus/client_golang/prometheus/registry.go:466.90,468.5 1 0
github.com/prometheus/client_golang/prometheus/registry.go:473.40,474.52 1 1
github.com/prometheus/client_golang/prometheus/registry.go:474.52,476.15 2 1
github.com/prometheus/client_golang/prometheus/registry.go:487.4,487.32 1 1
github.com/prometheus/client_golang/prometheus/registry.go:476.15,478.31 2 1
github.com/prometheus/client_golang/prometheus/registry.go:485.5,485.13 1 1
github.com/prometheus/client_golang/prometheus/registry.go:478.31,479.34 1 1
github.com/prometheus/client_golang/prometheus/registry.go:479.34,480.74 1 1
github.com/prometheus/client_golang/prometheus/registry.go:480.74,482.8 1 0
github.com/prometheus/client_golang/prometheus/registry.go:487.32,488.31 1 1
github.com/prometheus/client_golang/prometheus/registry.go:493.5,493.53 1 1
github.com/prometheus/client_golang/prometheus/registry.go:488.31,489.81 1 1
github.com/prometheus/client_golang/prometheus/registry.go:489.81,491.7 1 0
github.com/prometheus/client_golang/prometheus/registry.go:500.42,502.3 1 1
github.com/prometheus/client_golang/prometheus/registry.go:506.41,508.3 1 1
github.com/prometheus/client_golang/prometheus/registry.go:512.29,515.17 3 1
github.com/prometheus/client_golang/prometheus/registry.go:515.17,517.4 1 0
github.com/prometheus/client_golang/prometheus/registry.go:522.144,529.80 1 1
github.com/prometheus/client_golang/prometheus/registry.go:537.2,547.37 7 1
github.com/prometheus/client_golang/prometheus/registry.go:553.2,554.51 2 1
github.com/prometheus/client_golang/prometheus/registry.go:560.2,562.17 2 1
github.com/prometheus/client_golang/prometheus/registry.go:567.2,567.43 1 1
github.com/prometheus/client_golang/prometheus/registry.go:573.2,573.41 1 1
github.com/prometheus/client_golang/prometheus/registry.go:581.2,583.40 3 1
github.com/prometheus/client_golang/prometheus/registry.go:588.2,588.46 1 1
github.com/prometheus/client_golang/prometheus/registry.go:594.2,595.41 2 1
github.com/prometheus/client_golang/prometheus/registry.go:606.2,610.44 3 1
github.com/prometheus/client_golang/prometheus/registry.go:617.2,617.12 1 1
github.com/prometheus/client_golang/prometheus/registry.go:529.80,534.3 1 0
github.com/prometheus/client_golang/prometheus/registry.go:547.37,552.3 4 1
github.com/prometheus/client_golang/prometheus/registry.go:554.51,559.3 1 0
github.com/prometheus/client_golang/prometheus/registry.go:562.17,564.3 1 1
github.com/prometheus/client_golang/prometheus/registry.go:567.43,572.3 1 0
github.com/prometheus/client_golang/prometheus/registry.go:573.41,578.3 1 0
github.com/prometheus/client_golang/prometheus/registry.go:583.40,587.3 1 1
github.com/prometheus/client_golang/prometheus/registry.go:588.46,593.3 1 0
github.com/prometheus/client_golang/prometheus/registry.go:595.41,598.80 2 1
github.com/prometheus/client_golang/prometheus/registry.go:598.80,603.4 1 0
github.com/prometheus/client_golang/prometheus/registry.go:610.44,615.3 1 0
github.com/prometheus/client_golang/prometheus/registry.go:620.43,621.9 1 1
github.com/prometheus/client_golang/prometheus/registry.go:622.2,623.13 1 0
github.com/prometheus/client_golang/prometheus/registry.go:624.2,625.25 1 1
github.com/prometheus/client_golang/prometheus/registry.go:629.47,631.9 2 1
github.com/prometheus/client_golang/prometheus/registry.go:632.2,632.24 0 1
github.com/prometheus/client_golang/prometheus/registry.go:633.2,633.10 0 0
github.com/prometheus/client_golang/prometheus/registry.go:637.56,638.9 1 1
github.com/prometheus/client_golang/prometheus/registry.go:639.2,640.12 1 0
github.com/prometheus/client_golang/prometheus/registry.go:641.2,642.29 1 1
github.com/prometheus/client_golang/prometheus/registry.go:646.59,648.9 2 1
github.com/prometheus/client_golang/prometheus/registry.go:649.2,649.32 0 1
github.com/prometheus/client_golang/prometheus/registry.go:650.2,650.10 0 0
github.com/prometheus/client_golang/prometheus/registry.go:654.44,655.9 1 1
github.com/prometheus/client_golang/prometheus/registry.go:656.2,657.11 1 0
github.com/prometheus/client_golang/prometheus/registry.go:658.2,659.23 1 1
github.com/prometheus/client_golang/prometheus/registry.go:663.46,665.9 2 1
github.com/prometheus/client_golang/prometheus/registry.go:666.2,666.25 0 1
github.com/prometheus/client_golang/prometheus/registry.go:667.2,667.10 0 0
github.com/prometheus/client_golang/prometheus/registry.go:671.30,680.2 1 1
github.com/prometheus/client_golang/prometheus/registry.go:682.37,687.2 4 1
github.com/prometheus/client_golang/prometheus/registry.go:689.57,691.33 2 1
github.com/prometheus/client_golang/prometheus/registry.go:714.2,714.58 1 1
github.com/prometheus/client_golang/prometheus/registry.go:691.33,692.10 1 1
github.com/prometheus/client_golang/prometheus/registry.go:693.3,696.37 1 1
github.com/prometheus/client_golang/prometheus/registry.go:706.3,709.60 1 1
github.com/prometheus/client_golang/prometheus/registry.go:710.3,711.12 1 1
github.com/prometheus/client_golang/prometheus/registry.go:697.4,698.67 1 1
github.com/prometheus/client_golang/prometheus/registry.go:699.4,700.62 1 1
github.com/prometheus/client_golang/prometheus/registry.go:701.4,702.76 1 1
github.com/prometheus/client_golang/prometheus/registry.go:703.4,704.13 1 1
github.com/prometheus/client_golang/prometheus/registry.go:720.82,723.29 3 1
github.com/prometheus/client_golang/prometheus/registry.go:729.2,729.19 1 1
github.com/prometheus/client_golang/prometheus/registry.go:723.29,725.57 2 1
github.com/prometheus/client_golang/prometheus/registry.go:725.57,727.4 1 1
github.com/prometheus/client_golang/prometheus/registry.go:734.33,736.2 1 1
github.com/prometheus/client_golang/prometheus/registry.go:738.38,740.2 1 1
github.com/prometheus/client_golang/prometheus/registry.go:742.43,743.40 1 1
github.com/prometheus/client_golang/prometheus/registry.go:752.2,752.32 1 1
github.com/prometheus/client_golang/prometheus/registry.go:759.2,759.13 1 0
github.com/prometheus/client_golang/prometheus/registry.go:743.40,751.3 1 0
github.com/prometheus/client_golang/prometheus/registry.go:752.32,755.15 3 1
github.com/prometheus/client_golang/prometheus/registry.go:755.15,757.4 1 1
github.com/prometheus/client_golang/prometheus/summary.go:155.43,165.2 1 1
github.com/prometheus/client_golang/prometheus/summary.go:167.78,168.50 1 1
github.com/prometheus/client_golang/prometheus/summary.go:172.2,172.40 1 1
github.com/prometheus/client_golang/prometheus/summary.go:177.2,177.42 1 1
github.com/prometheus/client_golang/prometheus/summary.go:183.2,183.31 1 1
github.com/prometheus/client_golang/prometheus/summary.go:187.2,187.21 1 1
github.com/prometheus/client_golang/prometheus/summary.go:190.2,190.22 1 1
github.com/prometheus/client_golang/prometheus/summary.go:194.2,194.26 1 1
github.com/prometheus/client_golang/prometheus/summary.go:198.2,198.22 1 1
github.com/prometheus/client_golang/prometheus/summary.go:202.2,217.47 4 1
github.com/prometheus/client_golang/prometheus/summary.go:220.2,222.31 2 1
github.com/prometheus/client_golang/prometheus/summary.go:225.2,228.10 3 1
github.com/prometheus/client_golang/prometheus/summary.go:168.50,170.3 1 0
github.com/prometheus/client_golang/prometheus/summary.go:172.40,173.31 1 1
github.com/prometheus/client_golang/prometheus/summary.go:173.31,175.4 1 0
github.com/prometheus/client_golang/prometheus/summary.go:177.42,178.42 1 1
github.com/prometheus/client_golang/prometheus/summary.go:178.42,180.4 1 0
github.com/prometheus/client_golang/prometheus/summary.go:183.31,185.3 1 1
github.com/prometheus/client_golang/prometheus/summary.go:187.21,189.3 1 0
github.com/prometheus/client_golang/prometheus/summary.go:190.22,192.3 1 1
github.com/prometheus/client_golang/prometheus/summary.go:194.26,196.3 1 1
github.com/prometheus/client_golang/prometheus/summary.go:198.22,200.3 1 1
github.com/prometheus/client_golang/prometheus/summary.go:217.47,219.3 1 1
github.com/prometheus/client_golang/prometheus/summary.go:222.31,224.3 1 1
github.com/prometheus/client_golang/prometheus/summary.go:257.32,259.2 1 1
github.com/prometheus/client_golang/prometheus/summary.go:261.38,266.32 4 1
github.com/prometheus/client_golang/prometheus/summary.go:269.2,270.36 2 1
github.com/prometheus/client_golang/prometheus/summary.go:266.32,268.3 1 1
github.com/prometheus/client_golang/prometheus/summary.go:270.36,272.3 1 1
github.com/prometheus/client_golang/prometheus/summary.go:275.48,289.42 10 1
github.com/prometheus/client_golang/prometheus/summary.go:302.2,304.17 2 1
github.com/prometheus/client_golang/prometheus/summary.go:307.2,311.12 4 1
github.com/prometheus/client_golang/prometheus/summary.go:289.42,291.32 2 1
github.com/prometheus/client_golang/prometheus/summary.go:296.3,299.5 1 1
github.com/prometheus/client_golang/prometheus/summary.go:291.32,293.4 1 1
github.com/prometheus/client_golang/prometheus/summary.go:293.4,295.4 1 1
github.com/prometheus/client_golang/prometheus/summary.go:304.17,306.3 1 1
github.com/prometheus/client_golang/prometheus/summary.go:314.48,316.2 1 1
github.com/prometheus/client_golang/prometheus/summary.go:319.45,326.12 3 1
github.com/prometheus/client_golang/prometheus/summary.go:326.12,329.3 2 1
github.com/prometheus/client_golang/prometheus/summary.go:333.40,334.50 1 1
github.com/prometheus/client_golang/prometheus/summary.go:334.50,337.40 3 1
github.com/prometheus/client_golang/prometheus/summary.go:340.3,341.66 2 1
github.com/prometheus/client_golang/prometheus/summary.go:337.40,339.4 1 1
github.com/prometheus/client_golang/prometheus/summary.go:346.34,347.30 1 1
github.com/prometheus/client_golang/prometheus/summary.go:354.2,355.24 2 1
github.com/prometheus/client_golang/prometheus/summary.go:347.30,348.36 1 1
github.com/prometheus/client_golang/prometheus/summary.go:351.3,352.13 2 1
github.com/prometheus/client_golang/prometheus/summary.go:348.36,350.4 1 1
github.com/prometheus/client_golang/prometheus/summary.go:359.43,360.25 1 1
github.com/prometheus/client_golang/prometheus/summary.go:363.2,365.33 2 1
github.com/prometheus/client_golang/prometheus/summary.go:360.25,362.3 1 0
github.com/prometheus/client_golang/prometheus/summary.go:365.33,367.3 1 1
github.com/prometheus/client_golang/prometheus/summary.go:372.30,374.2 1 1
github.com/prometheus/client_golang/prometheus/summary.go:376.35,378.2 1 1
github.com/prometheus/client_golang/prometheus/summary.go:380.40,382.2 1 1
github.com/prometheus/client_golang/prometheus/summary.go:396.71,408.42 2 1
github.com/prometheus/client_golang/prometheus/summary.go:408.42,410.5 1 1
github.com/prometheus/client_golang/prometheus/summary.go:418.79,420.19 2 0
github.com/prometheus/client_golang/prometheus/summary.go:423.2,423.17 1 0
github.com/prometheus/client_golang/prometheus/summary.go:420.19,422.3 1 0
github.com/prometheus/client_golang/prometheus/summary.go:429.68,431.19 2 0
github.com/prometheus/client_golang/prometheus/summary.go:434.2,434.17 1 0
github.com/prometheus/client_golang/prometheus/summary.go:431.19,433.3 1 0
github.com/prometheus/client_golang/prometheus/summary.go:441.61,443.2 1 1
github.com/prometheus/client_golang/prometheus/summary.go:448.50,450.2 1 0
github.com/prometheus/client_golang/prometheus/summary.go:460.37,462.2 1 0
github.com/prometheus/client_golang/prometheus/summary.go:464.53,471.35 5 1
github.com/prometheus/client_golang/prometheus/summary.go:478.2,478.17 1 1
github.com/prometheus/client_golang/prometheus/summary.go:481.2,486.12 4 1
github.com/prometheus/client_golang/prometheus/summary.go:471.35,476.3 1 1
github.com/prometheus/client_golang/prometheus/summary.go:478.17,480.3 1 1
github.com/prometheus/client_golang/prometheus/summary.go:509.19,510.50 1 1
github.com/prometheus/client_golang/prometheus/summary.go:513.2,519.8 1 1
github.com/prometheus/client_golang/prometheus/summary.go:510.50,512.3 1 0
github.com/prometheus/client_golang/prometheus/summary.go:530.10,532.16 2 1
github.com/prometheus/client_golang/prometheus/summary.go:535.2,535.10 1 1
github.com/prometheus/client_golang/prometheus/summary.go:532.16,534.3 1 0
